Determining if the pthread_create exist failed with the following output:
Change Dir: /home/jiaolu/user/jungo2_sim/build/CMakeFiles/CMakeTmp

Run Build Command:"/usr/bin/make" "cmTC_9d06c/fast"
/usr/bin/make -f CMakeFiles/cmTC_9d06c.dir/build.make CMakeFiles/cmTC_9d06c.dir/build
make[1]: 进入目录“/home/jiaolu/user/jungo2_sim/build/CMakeFiles/CMakeTmp”
Building C object CMakeFiles/cmTC_9d06c.dir/CheckSymbolExists.c.o
/usr/bin/cc    -o CMakeFiles/cmTC_9d06c.dir/CheckSymbolExists.c.o   -c /home/jiaolu/user/jungo2_sim/build/CMakeFiles/CMakeTmp/CheckSymbolExists.c
Linking C executable cmTC_9d06c
/usr/bin/cmake -E cmake_link_script CMakeFiles/cmTC_9d06c.dir/link.txt --verbose=1
/usr/bin/cc      -rdynamic CMakeFiles/cmTC_9d06c.dir/CheckSymbolExists.c.o  -o cmTC_9d06c 
CMakeFiles/cmTC_9d06c.dir/CheckSymbolExists.c.o：在函数‘main’中：
CheckSymbolExists.c:(.text+0x1b)：对‘pthread_create’未定义的引用
collect2: error: ld returned 1 exit status
CMakeFiles/cmTC_9d06c.dir/build.make:97: recipe for target 'cmTC_9d06c' failed
make[1]: *** [cmTC_9d06c] Error 1
make[1]: 离开目录“/home/jiaolu/user/jungo2_sim/build/CMakeFiles/CMakeTmp”
Makefile:126: recipe for target 'cmTC_9d06c/fast' failed
make: *** [cmTC_9d06c/fast] Error 2

File /home/jiaolu/user/jungo2_sim/build/CMakeFiles/CMakeTmp/CheckSymbolExists.c:
/* */
#include <pthread.h>

int main(int argc, char** argv)
{
  (void)argv;
#ifndef pthread_create
  return ((int*)(&pthread_create))[argc];
#else
  (void)argc;
  return 0;
#endif
}

Determining if the function pthread_create exists in the pthreads failed with the following output:
Change Dir: /home/jiaolu/user/jungo2_sim/build/CMakeFiles/CMakeTmp

Run Build Command:"/usr/bin/make" "cmTC_7e56e/fast"
/usr/bin/make -f CMakeFiles/cmTC_7e56e.dir/build.make CMakeFiles/cmTC_7e56e.dir/build
make[1]: 进入目录“/home/jiaolu/user/jungo2_sim/build/CMakeFiles/CMakeTmp”
Building C object CMakeFiles/cmTC_7e56e.dir/CheckFunctionExists.c.o
/usr/bin/cc   -DCHECK_FUNCTION_EXISTS=pthread_create   -o CMakeFiles/cmTC_7e56e.dir/CheckFunctionExists.c.o   -c /usr/share/cmake-3.10/Modules/CheckFunctionExists.c
Linking C executable cmTC_7e56e
/usr/bin/cmake -E cmake_link_script CMakeFiles/cmTC_7e56e.dir/link.txt --verbose=1
/usr/bin/cc  -DCHECK_FUNCTION_EXISTS=pthread_create    -rdynamic CMakeFiles/cmTC_7e56e.dir/CheckFunctionExists.c.o  -o cmTC_7e56e -lpthreads 
/usr/bin/ld: 找不到 -lpthreads
collect2: error: ld returned 1 exit status
CMakeFiles/cmTC_7e56e.dir/build.make:97: recipe for target 'cmTC_7e56e' failed
make[1]: *** [cmTC_7e56e] Error 1
make[1]: 离开目录“/home/jiaolu/user/jungo2_sim/build/CMakeFiles/CMakeTmp”
Makefile:126: recipe for target 'cmTC_7e56e/fast' failed
make: *** [cmTC_7e56e/fast] Error 2


